<?xml version="1.0" encoding="UTF-8"?>
<!-- Generated by org.testng.reporters.JUnitXMLReporter -->
<testsuite ignored="25" hostname="Harshitha-PC" failures="0" tests="1" name="Default test" time="20.427" errors="0" timestamp="2023-10-19T16:11:46 GMT-04:00">
  <testcase classname="com.ExcelRProject.AutomationExcerciseProject.TestCasesImplementation" name="checkoutVerifyAddress_Validation" time="20.387"/>
  <testcase classname="com.ExcelRProject.AutomationExcerciseProject.TestCasesImplementation" name="registerUser_Validation" time="0.0">
    <ignored/>
  </testcase> <!-- registerUser_Validation -->
  <testcase classname="com.ExcelRProject.AutomationExcerciseProject.TestCasesImplementation" name="productDetailsPage_Validation" time="0.0">
    <ignored/>
  </testcase> <!-- productDetailsPage_Validation -->
  <testcase classname="com.ExcelRProject.AutomationExcerciseProject.TestCasesImplementation" name="registerUserWithExistingEmailId_Validation" time="0.0">
    <ignored/>
  </testcase> <!-- registerUserWithExistingEmailId_Validation -->
  <testcase classname="com.ExcelRProject.AutomationExcerciseProject.TestCasesImplementation" name="placeOrder_RegisterWhileCheckOut_Validation" time="0.0">
    <ignored/>
  </testcase> <!-- placeOrder_RegisterWhileCheckOut_Validation -->
  <testcase classname="com.ExcelRProject.AutomationExcerciseProject.TestCasesImplementation" name="viewAndCartBrandProducts_Validation" time="0.0">
    <ignored/>
  </testcase> <!-- viewAndCartBrandProducts_Validation -->
  <testcase classname="com.ExcelRProject.AutomationExcerciseProject.TestCasesImplementation" name="addRecommendedItemsToCart_Validation" time="0.0">
    <ignored/>
  </testcase> <!-- addRecommendedItemsToCart_Validation -->
  <testcase classname="com.ExcelRProject.AutomationExcerciseProject.TestCasesImplementation" name="searchProductsAndVerifyCart_Validation" time="0.0">
    <ignored/>
  </testcase> <!-- searchProductsAndVerifyCart_Validation -->
  <testcase classname="com.ExcelRProject.AutomationExcerciseProject.TestCasesImplementation" name="valid_Login_Validation" time="0.0">
    <ignored/>
  </testcase> <!-- valid_Login_Validation -->
  <testcase classname="com.ExcelRProject.AutomationExcerciseProject.TestCasesImplementation" name="placeOrder_RegisterBeforeCheckOut_Validation" time="0.0">
    <ignored/>
  </testcase> <!-- placeOrder_RegisterBeforeCheckOut_Validation -->
  <testcase classname="com.ExcelRProject.AutomationExcerciseProject.TestCasesImplementation" name="logout_Validation" time="0.0">
    <ignored/>
  </testcase> <!-- logout_Validation -->
  <testcase classname="com.ExcelRProject.AutomationExcerciseProject.TestCasesImplementation" name="viewCategoryProducts_Validation" time="0.0">
    <ignored/>
  </testcase> <!-- viewCategoryProducts_Validation -->
  <testcase classname="com.ExcelRProject.AutomationExcerciseProject.TestCasesImplementation" name="invalid_Login_Validation" time="0.0">
    <ignored/>
  </testcase> <!-- invalid_Login_Validation -->
  <testcase classname="com.ExcelRProject.AutomationExcerciseProject.TestCasesImplementation" name="ScrollUpAndScrollDownUsingArrow_Validation" time="0.0">
    <ignored/>
  </testcase> <!-- ScrollUpAndScrollDownUsingArrow_Validation -->
  <testcase classname="com.ExcelRProject.AutomationExcerciseProject.TestCasesImplementation" name="contactUs_Validation" time="0.0">
    <ignored/>
  </testcase> <!-- contactUs_Validation -->
  <testcase classname="com.ExcelRProject.AutomationExcerciseProject.TestCasesImplementation" name="invoiceDownload_Validation" time="0.0">
    <ignored/>
  </testcase> <!-- invoiceDownload_Validation -->
  <testcase classname="com.ExcelRProject.AutomationExcerciseProject.TestCasesImplementation" name="subscription_Validation" time="0.0">
    <ignored/>
  </testcase> <!-- subscription_Validation -->
  <testcase classname="com.ExcelRProject.AutomationExcerciseProject.TestCasesImplementation" name="productQuantityInCart_Validation" time="0.0">
    <ignored/>
  </testcase> <!-- productQuantityInCart_Validation -->
  <testcase classname="com.ExcelRProject.AutomationExcerciseProject.TestCasesImplementation" name="addProductsToCart_Validation" time="0.0">
    <ignored/>
  </testcase> <!-- addProductsToCart_Validation -->
  <testcase classname="com.ExcelRProject.AutomationExcerciseProject.TestCasesImplementation" name="testCasesPage_Validataion" time="0.0">
    <ignored/>
  </testcase> <!-- testCasesPage_Validataion -->
  <testcase classname="com.ExcelRProject.AutomationExcerciseProject.TestCasesImplementation" name="loginBeforeCheckout_Validation" time="0.0">
    <ignored/>
  </testcase> <!-- loginBeforeCheckout_Validation -->
  <testcase classname="com.ExcelRProject.AutomationExcerciseProject.TestCasesImplementation" name="cartSubscription_Validation" time="0.0">
    <ignored/>
  </testcase> <!-- cartSubscription_Validation -->
  <testcase classname="com.ExcelRProject.AutomationExcerciseProject.TestCasesImplementation" name="searchProduct_Validation" time="0.0">
    <ignored/>
  </testcase> <!-- searchProduct_Validation -->
  <testcase classname="com.ExcelRProject.AutomationExcerciseProject.TestCasesImplementation" name="ScrollUpAndScrollDown_Validation" time="0.0">
    <ignored/>
  </testcase> <!-- ScrollUpAndScrollDown_Validation -->
  <testcase classname="com.ExcelRProject.AutomationExcerciseProject.TestCasesImplementation" name="addReview_Validation" time="0.0">
    <ignored/>
  </testcase> <!-- addReview_Validation -->
  <testcase classname="com.ExcelRProject.AutomationExcerciseProject.TestCasesImplementation" name="removeProductsFromCart_Validation" time="0.0">
    <ignored/>
  </testcase> <!-- removeProductsFromCart_Validation -->
</testsuite> <!-- Default test -->
