<?xml version="1.0" encoding="UTF-8"?>
<testng-results ignored="0" total="1" passed="1" failed="0" skipped="0">
  <reporter-output>
  </reporter-output>
  <suite started-at="2023-10-19T16:11:25 GMT-04:00" name="Default suite" finished-at="2023-10-19T16:11:46 GMT-04:00" duration-ms="20427">
    <groups>
    </groups>
    <test started-at="2023-10-19T16:11:25 GMT-04:00" name="Default test" finished-at="2023-10-19T16:11:46 GMT-04:00" duration-ms="20427">
      <class name="com.ExcelRProject.AutomationExcerciseProject.TestCasesImplementation">
        <test-method is-config="true" signature="initialisation()[pri:0, instance:com.ExcelRProject.AutomationExcerciseProject.TestCasesImplementation@cc43f62]" started-at="2023-10-19T16:11:21 GMT-04:00" name="initialisation" finished-at="2023-10-19T16:11:25 GMT-04:00" duration-ms="4418" status="PASS">
          <reporter-output>
          </reporter-output>
        </test-method> <!-- initialisation -->
        <test-method signature="checkoutVerifyAddress_Validation()[pri:23, instance:com.ExcelRProject.AutomationExcerciseProject.TestCasesImplementation@cc43f62]" started-at="2023-10-19T16:11:25 GMT-04:00" name="checkoutVerifyAddress_Validation" finished-at="2023-10-19T16:11:46 GMT-04:00" duration-ms="20387" status="PASS">
          <reporter-output>
          </reporter-output>
        </test-method> <!-- checkoutVerifyAddress_Validation -->
      </class> <!-- com.ExcelRProject.AutomationExcerciseProject.TestCasesImplementation -->
    </test> <!-- Default test -->
  </suite> <!-- Default suite -->
</testng-results>
